0 info it worked if it ends with ok
1 verbose cli [ 'node', '/usr/bin/npm', 'run-script', 'run' ]
2 info using npm@2.7.3
3 info using node@v0.10.36
4 verbose run-script [ 'prerun', 'run', 'postrun' ]
5 info prerun sailfish-ci-runner@0.0.1
6 info run sailfish-ci-runner@0.0.1
7 verbose unsafe-perm in lifecycle true
8 info sailfish-ci-runner@0.0.1 Failed to exec run script
9 verbose stack Error: sailfish-ci-runner@0.0.1 run: `NODE_PATH=$NODE_PATH:./lib node run.js`
9 verbose stack Exit status 8
9 verbose stack     at EventEmitter.<anonymous> (/usr/lib/node_modules/npm/lib/utils/lifecycle.js:213:16)
9 verbose stack     at EventEmitter.emit (events.js:98:17)
9 verbose stack     at ChildProcess.<anonymous> (/usr/lib/node_modules/npm/lib/utils/spawn.js:14:12)
9 verbose stack     at ChildProcess.emit (events.js:98:17)
9 verbose stack     at maybeClose (child_process.js:766:16)
9 verbose stack     at Process.ChildProcess._handle.onexit (child_process.js:833:5)
10 verbose pkgid sailfish-ci-runner@0.0.1
11 verbose cwd /home/urodoz/workspace/sailfish-ci/runner
12 error Linux 3.18.9-200.fc21.x86_64
13 error argv "node" "/usr/bin/npm" "run-script" "run"
14 error node v0.10.36
15 error npm  v2.7.3
16 error code ELIFECYCLE
17 error sailfish-ci-runner@0.0.1 run: `NODE_PATH=$NODE_PATH:./lib node run.js`
17 error Exit status 8
18 error Failed at the sailfish-ci-runner@0.0.1 run script 'NODE_PATH=$NODE_PATH:./lib node run.js'.
18 error This is most likely a problem with the sailfish-ci-runner package,
18 error not with npm itself.
18 error Tell the author that this fails on your system:
18 error     NODE_PATH=$NODE_PATH:./lib node run.js
18 error You can get their info via:
18 error     npm owner ls sailfish-ci-runner
18 error There is likely additional logging output above.
19 verbose exit [ 1, true ]
